Scarab gitrev: 3541854
Scarab started at Fri Nov  1 15:23:36 2024

Initialized Ramulator. 
** Heartbeat:   5% -- { 1000000 } -- 0.00 KIPS (18.87 KIPS)
** Heartbeat:  10% -- { 2000000 } -- 23.26 KIPS (20.83 KIPS)
** Heartbeat:  15% -- { 3000002 } -- 22.73 KIPS (21.43 KIPS)
** Heartbeat:  20% -- { 4000006 } -- 21.74 KIPS (21.51 KIPS)
** Heartbeat:  25% -- { 5000009 } -- 21.74 KIPS (21.55 KIPS)
** Heartbeat:  30% -- { 6000013 } -- 19.61 KIPS (21.20 KIPS)
** Heartbeat:  35% -- { 7000013 } -- 21.28 KIPS (21.21 KIPS)
** Heartbeat:  40% -- { 8000015 } -- 21.28 KIPS (21.22 KIPS)
** Heartbeat:  45% -- { 9000018 } -- 20.41 KIPS (21.13 KIPS)
** Heartbeat:  50% -- { 10000020 } -- 20.41 KIPS (21.05 KIPS)
** Heartbeat:  55% -- { 11000020 } -- 22.22 KIPS (21.15 KIPS)
** Heartbeat:  60% -- { 12000022 } -- 21.28 KIPS (21.16 KIPS)
** Heartbeat:  65% -- { 13000025 } -- 21.74 KIPS (21.21 KIPS)
** Heartbeat:  70% -- { 14000025 } -- 21.28 KIPS (21.21 KIPS)
** Heartbeat:  75% -- { 15000027 } -- 21.74 KIPS (21.25 KIPS)
** Heartbeat:  80% -- { 16000028 } -- 20.83 KIPS (21.22 KIPS)
** Heartbeat:  85% -- { 17000028 } -- 20.83 KIPS (21.20 KIPS)
** Heartbeat:  90% -- { 18000029 } -- 21.74 KIPS (21.23 KIPS)
** Heartbeat:  95% -- { 19000033 } -- 20.83 KIPS (21.21 KIPS)
Warning could not fetch inst from frontend
Warning could not fetch inst from frontend
Warning could not fetch inst from frontend
Warning could not fetch inst from frontend
Warning could not fetch inst from frontend
Warning could not fetch inst from frontend
Warning could not fetch inst from frontend
Warning could not fetch inst from frontend
Warning could not fetch inst from frontend
Warning could not fetch inst from frontend
Warning could not fetch inst from frontend
Warning could not fetch inst from frontend
Warning could not fetch inst from frontend
Warning could not fetch inst from frontend
Warning could not fetch inst from frontend
Warning could not fetch inst from frontend
Warning could not fetch inst from frontend
Warning could not fetch inst from frontend
Warning could not fetch inst from frontend
Warning could not fetch inst from frontend
Warning could not fetch inst from frontend
Warning could not fetch inst from frontend
Warning could not fetch inst from frontend
Warning could not fetch inst from frontend
Warning could not fetch inst from frontend
Warning could not fetch inst from frontend
Warning could not fetch inst from frontend
Warning could not fetch inst from frontend
Warning could not fetch inst from frontend
Warning could not fetch inst from frontend
** Core 0 Finished:    insts:20000000    cycles:9363323     time:2926038437500       -- 2.14 IPC (2.14 IPC) --  N/A  KIPS (21.28 KIPS)
Scarab finished at Fri Nov  1 15:39:18 2024

