Scarab gitrev: 3541854
Scarab started at Fri Nov  1 14:35:16 2024

Initialized Ramulator. 
** Heartbeat:   5% -- { 1000001 } -- 0.00 KIPS (17.54 KIPS)
** Heartbeat:  10% -- { 2000001 } -- 18.87 KIPS (18.18 KIPS)
** Heartbeat:  15% -- { 3000002 } -- 18.87 KIPS (18.40 KIPS)
** Heartbeat:  20% -- { 4000005 } -- 18.18 KIPS (18.35 KIPS)
** Heartbeat:  25% -- { 5000008 } -- 19.23 KIPS (18.52 KIPS)
** Heartbeat:  30% -- { 6000010 } -- 18.87 KIPS (18.58 KIPS)
** Heartbeat:  35% -- { 7000014 } -- 18.18 KIPS (18.52 KIPS)
** Heartbeat:  40% -- { 8000015 } -- 18.52 KIPS (18.52 KIPS)
** Heartbeat:  45% -- { 9000020 } -- 17.54 KIPS (18.40 KIPS)
** Heartbeat:  50% -- { 10000022 } -- 18.87 KIPS (18.45 KIPS)
** Heartbeat:  55% -- { 11000024 } -- 18.87 KIPS (18.49 KIPS)
** Heartbeat:  60% -- { 12000025 } -- 17.86 KIPS (18.43 KIPS)
** Heartbeat:  65% -- { 13000028 } -- 19.61 KIPS (18.52 KIPS)
** Heartbeat:  70% -- { 14000032 } -- 19.61 KIPS (18.59 KIPS)
** Heartbeat:  75% -- { 15000035 } -- 17.86 KIPS (18.54 KIPS)
** Heartbeat:  80% -- { 16000035 } -- 18.87 KIPS (18.56 KIPS)
** Heartbeat:  85% -- { 17000038 } -- 18.18 KIPS (18.54 KIPS)
** Heartbeat:  90% -- { 18000041 } -- 18.18 KIPS (18.52 KIPS)
** Heartbeat:  95% -- { 19000041 } -- 18.52 KIPS (18.52 KIPS)
Warning could not fetch inst from frontend
Warning could not fetch inst from frontend
Warning could not fetch inst from frontend
Warning could not fetch inst from frontend
Warning could not fetch inst from frontend
Warning could not fetch inst from frontend
Warning could not fetch inst from frontend
Warning could not fetch inst from frontend
Warning could not fetch inst from frontend
Warning could not fetch inst from frontend
Warning could not fetch inst from frontend
Warning could not fetch inst from frontend
Warning could not fetch inst from frontend
Warning could not fetch inst from frontend
Warning could not fetch inst from frontend
Warning could not fetch inst from frontend
Warning could not fetch inst from frontend
Warning could not fetch inst from frontend
Warning could not fetch inst from frontend
Warning could not fetch inst from frontend
Warning could not fetch inst from frontend
Warning could not fetch inst from frontend
** Core 0 Finished:    insts:20000000    cycles:20521058    time:6412830625000       -- 0.97 IPC (0.97 IPC) --  N/A  KIPS (18.50 KIPS)
Scarab finished at Fri Nov  1 14:53:19 2024

