Scarab gitrev: 3541854
Scarab started at Fri Nov  1 14:51:57 2024

Initialized Ramulator. 
** Heartbeat:   5% -- { 1000001 } -- 0.00 KIPS (30.30 KIPS)
** Heartbeat:  10% -- { 2000004 } -- 34.48 KIPS (32.26 KIPS)
** Heartbeat:  15% -- { 3000009 } -- 35.71 KIPS (33.33 KIPS)
** Heartbeat:  20% -- { 4000010 } -- 30.30 KIPS (32.52 KIPS)
** Heartbeat:  25% -- { 5000013 } -- 38.46 KIPS (33.56 KIPS)
** Heartbeat:  30% -- { 6000017 } -- 38.46 KIPS (34.29 KIPS)
** Heartbeat:  35% -- { 7000017 } -- 37.04 KIPS (34.65 KIPS)
** Heartbeat:  40% -- { 8000018 } -- 37.04 KIPS (34.93 KIPS)
** Heartbeat:  45% -- { 9000021 } -- 40.00 KIPS (35.43 KIPS)
** Heartbeat:  50% -- { 10000022 } -- 38.46 KIPS (35.71 KIPS)
** Heartbeat:  55% -- { 11000025 } -- 33.33 KIPS (35.48 KIPS)
** Heartbeat:  60% -- { 12000026 } -- 35.71 KIPS (35.50 KIPS)
** Heartbeat:  65% -- { 13000027 } -- 40.00 KIPS (35.81 KIPS)
** Heartbeat:  70% -- { 14000030 } -- 37.04 KIPS (35.90 KIPS)
** Heartbeat:  75% -- { 15000030 } -- 29.41 KIPS (35.38 KIPS)
** Heartbeat:  80% -- { 16000033 } -- 52.63 KIPS (36.12 KIPS)
** Heartbeat:  85% -- { 17000037 } -- 40.00 KIPS (36.32 KIPS)
** Heartbeat:  90% -- { 18000041 } -- 37.04 KIPS (36.36 KIPS)
** Heartbeat:  95% -- { 19000045 } -- 37.04 KIPS (36.40 KIPS)
Warning could not fetch inst from frontend
Warning could not fetch inst from frontend
Warning could not fetch inst from frontend
Warning could not fetch inst from frontend
Warning could not fetch inst from frontend
Warning could not fetch inst from frontend
Warning could not fetch inst from frontend
Warning could not fetch inst from frontend
Warning could not fetch inst from frontend
Warning could not fetch inst from frontend
Warning could not fetch inst from frontend
Warning could not fetch inst from frontend
Warning could not fetch inst from frontend
Warning could not fetch inst from frontend
Warning could not fetch inst from frontend
Warning could not fetch inst from frontend
Warning could not fetch inst from frontend
Warning could not fetch inst from frontend
Warning could not fetch inst from frontend
Warning could not fetch inst from frontend
Warning could not fetch inst from frontend
Warning could not fetch inst from frontend
Warning could not fetch inst from frontend
Warning could not fetch inst from frontend
Warning could not fetch inst from frontend
Warning could not fetch inst from frontend
Warning could not fetch inst from frontend
Warning could not fetch inst from frontend
Warning could not fetch inst from frontend
Warning could not fetch inst from frontend
Warning could not fetch inst from frontend
Warning could not fetch inst from frontend
Warning could not fetch inst from frontend
Warning could not fetch inst from frontend
Warning could not fetch inst from frontend
Warning could not fetch inst from frontend
Warning could not fetch inst from frontend
Warning could not fetch inst from frontend
Warning could not fetch inst from frontend
Warning could not fetch inst from frontend
Warning could not fetch inst from frontend
Warning could not fetch inst from frontend
Warning could not fetch inst from frontend
Warning could not fetch inst from frontend
Warning could not fetch inst from frontend
Warning could not fetch inst from frontend
Warning could not fetch inst from frontend
Warning could not fetch inst from frontend
Warning could not fetch inst from frontend
Warning could not fetch inst from frontend
Warning could not fetch inst from frontend
Warning could not fetch inst from frontend
Warning could not fetch inst from frontend
Warning could not fetch inst from frontend
Warning could not fetch inst from frontend
Warning could not fetch inst from frontend
Warning could not fetch inst from frontend
Warning could not fetch inst from frontend
Warning could not fetch inst from frontend
Warning could not fetch inst from frontend
Warning could not fetch inst from frontend
Warning could not fetch inst from frontend
Warning could not fetch inst from frontend
Warning could not fetch inst from frontend
Warning could not fetch inst from frontend
Warning could not fetch inst from frontend
Warning could not fetch inst from frontend
Warning could not fetch inst from frontend
Warning could not fetch inst from frontend
Warning could not fetch inst from frontend
Warning could not fetch inst from frontend
Warning could not fetch inst from frontend
Warning could not fetch inst from frontend
Warning could not fetch inst from frontend
Warning could not fetch inst from frontend
Warning could not fetch inst from frontend
Warning could not fetch inst from frontend
Warning could not fetch inst from frontend
Warning could not fetch inst from frontend
Warning could not fetch inst from frontend
Warning could not fetch inst from frontend
Warning could not fetch inst from frontend
Warning could not fetch inst from frontend
Warning could not fetch inst from frontend
Warning could not fetch inst from frontend
Warning could not fetch inst from frontend
Warning could not fetch inst from frontend
Warning could not fetch inst from frontend
Warning could not fetch inst from frontend
Warning could not fetch inst from frontend
Warning could not fetch inst from frontend
Warning could not fetch inst from frontend
Warning could not fetch inst from frontend
Warning could not fetch inst from frontend
Warning could not fetch inst from frontend
Warning could not fetch inst from frontend
Warning could not fetch inst from frontend
Warning could not fetch inst from frontend
Warning could not fetch inst from frontend
Warning could not fetch inst from frontend
Warning could not fetch inst from frontend
Warning could not fetch inst from frontend
Warning could not fetch inst from frontend
Warning could not fetch inst from frontend
Warning could not fetch inst from frontend
Warning could not fetch inst from frontend
Warning could not fetch inst from frontend
Warning could not fetch inst from frontend
Warning could not fetch inst from frontend
Warning could not fetch inst from frontend
Warning could not fetch inst from frontend
Warning could not fetch inst from frontend
Warning could not fetch inst from frontend
Warning could not fetch inst from frontend
Warning could not fetch inst from frontend
Warning could not fetch inst from frontend
Warning could not fetch inst from frontend
Warning could not fetch inst from frontend
Warning could not fetch inst from frontend
Warning could not fetch inst from frontend
Warning could not fetch inst from frontend
Warning could not fetch inst from frontend
Warning could not fetch inst from frontend
Warning could not fetch inst from frontend
Warning could not fetch inst from frontend
Warning could not fetch inst from frontend
Warning could not fetch inst from frontend
Warning could not fetch inst from frontend
Warning could not fetch inst from frontend
Warning could not fetch inst from frontend
Warning could not fetch inst from frontend
Warning could not fetch inst from frontend
Warning could not fetch inst from frontend
Warning could not fetch inst from frontend
Warning could not fetch inst from frontend
Warning could not fetch inst from frontend
Warning could not fetch inst from frontend
Warning could not fetch inst from frontend
Warning could not fetch inst from frontend
Warning could not fetch inst from frontend
Warning could not fetch inst from frontend
Warning could not fetch inst from frontend
Warning could not fetch inst from frontend
Warning could not fetch inst from frontend
Warning could not fetch inst from frontend
Warning could not fetch inst from frontend
Warning could not fetch inst from frontend
Warning could not fetch inst from frontend
Warning could not fetch inst from frontend
Warning could not fetch inst from frontend
Warning could not fetch inst from frontend
Warning could not fetch inst from frontend
Warning could not fetch inst from frontend
Warning could not fetch inst from frontend
Warning could not fetch inst from frontend
Warning could not fetch inst from frontend
Warning could not fetch inst from frontend
Warning could not fetch inst from frontend
Warning could not fetch inst from frontend
Warning could not fetch inst from frontend
Warning could not fetch inst from frontend
Warning could not fetch inst from frontend
Warning could not fetch inst from frontend
Warning could not fetch inst from frontend
Warning could not fetch inst from frontend
Warning could not fetch inst from frontend
Warning could not fetch inst from frontend
Warning could not fetch inst from frontend
Warning could not fetch inst from frontend
Warning could not fetch inst from frontend
** Core 0 Finished:    insts:20000000    cycles:5574085     time:1741901562500       -- 3.59 IPC (3.59 IPC) --  N/A  KIPS (36.30 KIPS)
Scarab finished at Fri Nov  1 15:01:09 2024

